# JRE version: Java(TM) SE Runtime Environment (8.0_121-b13) (build 1.8.0_121-b13)
# Java VM: Java HotSpot(TM) 64-Bit Server VM (25.121-b13 mixed mode windows-amd64 compressed oops)
Heap:
 PSYoungGen      total 58880K, used 50316K [0x00000000d5f80000, 0x00000000da280000, 0x0000000100000000)
  eden space 50176K, 88% used [0x00000000d5f80000,0x00000000d8ab6570,0x00000000d9080000)
  from space 8704K, 69% used [0x00000000d9900000,0x00000000d9eecb48,0x00000000da180000)
  to   space 8704K, 0% used [0x00000000d9080000,0x00000000d9080000,0x00000000d9900000)
 ParOldGen       total 58368K, used 7083K [0x0000000081e00000, 0x0000000085700000, 0x00000000d5f80000)
  object space 58368K, 12% used [0x0000000081e00000,0x00000000824eae18,0x0000000085700000)
 Metaspace       used 32397K, capacity 32750K, committed 33072K, reserved 1077248K
  class space    used 4535K, capacity 4637K, committed 4656K, reserved 1048576K
GC Heap History (10 events):
Event: 4.148 GC heap before
{Heap before GC invocations=3 (full 0):
 PSYoungGen      total 38400K, used 38379K [0x00000000d5f80000, 0x00000000d8a00000, 0x0000000100000000)
  eden space 33280K, 100% used [0x00000000d5f80000,0x00000000d8000000,0x00000000d8000000)
  from space 5120K, 99% used [0x00000000d8500000,0x00000000d89fafb8,0x00000000d8a00000)
  to   space 5120K, 0% used [0x00000000d8000000,0x00000000d8000000,0x00000000d8500000)
 ParOldGen       total 87552K, used 969K [0x0000000081e00000, 0x0000000087380000, 0x00000000d5f80000)
  object space 87552K, 1% used [0x0000000081e00000,0x0000000081ef2780,0x0000000087380000)
 Metaspace       used 17454K, capacity 17622K, committed 17792K, reserved 1064960K
  class space    used 2557K, capacity 2637K, committed 2688K, reserved 1048576K
Event: 4.155 GC heap after
Heap after GC invocations=3 (full 0):
 PSYoungGen      total 38400K, used 5113K [0x00000000d5f80000, 0x00000000d8a00000, 0x0000000100000000)
  eden space 33280K, 0% used [0x00000000d5f80000,0x00000000d5f80000,0x00000000d8000000)
  from space 5120K, 99% used [0x00000000d8000000,0x00000000d84fe538,0x00000000d8500000)
  to   space 5120K, 0% used [0x00000000d8500000,0x00000000d8500000,0x00000000d8a00000)
 ParOldGen       total 87552K, used 2814K [0x0000000081e00000, 0x0000000087380000, 0x00000000d5f80000)
  object space 87552K, 3% used [0x0000000081e00000,0x00000000820bfbb0,0x0000000087380000)
 Metaspace       used 17454K, capacity 17622K, committed 17792K, reserved 1064960K
  class space    used 2557K, capacity 2637K, committed 2688K, reserved 1048576K
}
Event: 4.805 GC heap before
{Heap before GC invocations=4 (full 0):
 PSYoungGen      total 38400K, used 36430K [0x00000000d5f80000, 0x00000000d8a00000, 0x0000000100000000)
  eden space 33280K, 94% used [0x00000000d5f80000,0x00000000d7e15598,0x00000000d8000000)
  from space 5120K, 99% used [0x00000000d8000000,0x00000000d84fe538,0x00000000d8500000)
  to   space 5120K, 0% used [0x00000000d8500000,0x00000000d8500000,0x00000000d8a00000)
 ParOldGen       total 87552K, used 2814K [0x0000000081e00000, 0x0000000087380000, 0x00000000d5f80000)
  object space 87552K, 3% used [0x0000000081e00000,0x00000000820bfbb0,0x0000000087380000)
 Metaspace       used 20916K, capacity 21132K, committed 21296K, reserved 1067008K
  class space    used 3019K, capacity 3098K, committed 3120K, reserved 1048576K
Event: 4.814 GC heap after
Heap after GC invocations=4 (full 0):
 PSYoungGen      total 38400K, used 5090K [0x00000000d5f80000, 0x00000000d8a00000, 0x0000000100000000)
  eden space 33280K, 0% used [0x00000000d5f80000,0x00000000d5f80000,0x00000000d8000000)
  from space 5120K, 99% used [0x00000000d8500000,0x00000000d89f8bc8,0x00000000d8a00000)
  to   space 5120K, 0% used [0x00000000d8000000,0x00000000d8000000,0x00000000d8500000)
 ParOldGen       total 87552K, used 4959K [0x0000000081e00000, 0x0000000087380000, 0x00000000d5f80000)
  object space 87552K, 5% used [0x0000000081e00000,0x00000000822d7df0,0x0000000087380000)
 Metaspace       used 20916K, capacity 21132K, committed 21296K, reserved 1067008K
  class space    used 3019K, capacity 3098K, committed 3120K, reserved 1048576K
}
Event: 4.814 GC heap before
{Heap before GC invocations=5 (full 1):
 PSYoungGen      total 38400K, used 5090K [0x00000000d5f80000, 0x00000000d8a00000, 0x0000000100000000)
  eden space 33280K, 0% used [0x00000000d5f80000,0x00000000d5f80000,0x00000000d8000000)
  from space 5120K, 99% used [0x00000000d8500000,0x00000000d89f8bc8,0x00000000d8a00000)
  to   space 5120K, 0% used [0x00000000d8000000,0x00000000d8000000,0x00000000d8500000)
 ParOldGen       total 87552K, used 4959K [0x0000000081e00000, 0x0000000087380000, 0x00000000d5f80000)
  object space 87552K, 5% used [0x0000000081e00000,0x00000000822d7df0,0x0000000087380000)
 Metaspace       used 20916K, capacity 21132K, committed 21296K, reserved 1067008K
  class space    used 3019K, capacity 3098K, committed 3120K, reserved 1048576K
Event: 4.853 GC heap after
Heap after GC invocations=5 (full 1):
 PSYoungGen      total 38400K, used 0K [0x00000000d5f80000, 0x00000000d8a00000, 0x0000000100000000)
  eden space 33280K, 0% used [0x00000000d5f80000,0x00000000d5f80000,0x00000000d8000000)
  from space 5120K, 0% used [0x00000000d8500000,0x00000000d8500000,0x00000000d8a00000)
  to   space 5120K, 0% used [0x00000000d8000000,0x00000000d8000000,0x00000000d8500000)
 ParOldGen       total 58368K, used 7075K [0x0000000081e00000, 0x0000000085700000, 0x00000000d5f80000)
  object space 58368K, 12% used [0x0000000081e00000,0x00000000824e8e18,0x0000000085700000)
 Metaspace       used 20916K, capacity 21132K, committed 21296K, reserved 1067008K
  class space    used 3019K, capacity 3098K, committed 3120K, reserved 1048576K
}
Event: 5.519 GC heap before
{Heap before GC invocations=6 (full 1):
 PSYoungGen      total 38400K, used 33280K [0x00000000d5f80000, 0x00000000d8a00000, 0x0000000100000000)
  eden space 33280K, 100% used [0x00000000d5f80000,0x00000000d8000000,0x00000000d8000000)
  from space 5120K, 0% used [0x00000000d8500000,0x00000000d8500000,0x00000000d8a00000)
  to   space 5120K, 0% used [0x00000000d8000000,0x00000000d8000000,0x00000000d8500000)
 ParOldGen       total 58368K, used 7075K [0x0000000081e00000, 0x0000000085700000, 0x00000000d5f80000)
  object space 58368K, 12% used [0x0000000081e00000,0x00000000824e8e18,0x0000000085700000)
 Metaspace       used 24122K, capacity 24346K, committed 24752K, reserved 1071104K
  class space    used 3348K, capacity 3423K, committed 3504K, reserved 1048576K
Event: 5.523 GC heap after
Heap after GC invocations=6 (full 1):
 PSYoungGen      total 38400K, used 2573K [0x00000000d5f80000, 0x00000000da180000, 0x0000000100000000)
  eden space 33280K, 0% used [0x00000000d5f80000,0x00000000d5f80000,0x00000000d8000000)
  from space 5120K, 50% used [0x00000000d8000000,0x00000000d8283438,0x00000000d8500000)
  to   space 8704K, 0% used [0x00000000d9900000,0x00000000d9900000,0x00000000da180000)
 ParOldGen       total 58368K, used 7083K [0x0000000081e00000, 0x0000000085700000, 0x00000000d5f80000)
  object space 58368K, 12% used [0x0000000081e00000,0x00000000824eae18,0x0000000085700000)
 Metaspace       used 24122K, capacity 24346K, committed 24752K, reserved 1071104K
  class space    used 3348K, capacity 3423K, committed 3504K, reserved 1048576K
}
Event: 6.298 GC heap before
{Heap before GC invocations=7 (full 1):
 PSYoungGen      total 38400K, used 35853K [0x00000000d5f80000, 0x00000000da180000, 0x0000000100000000)
  eden space 33280K, 100% used [0x00000000d5f80000,0x00000000d8000000,0x00000000d8000000)
  from space 5120K, 50% used [0x00000000d8000000,0x00000000d8283438,0x00000000d8500000)
  to   space 8704K, 0% used [0x00000000d9900000,0x00000000d9900000,0x00000000da180000)
 ParOldGen       total 58368K, used 7083K [0x0000000081e00000, 0x0000000085700000, 0x00000000d5f80000)
  object space 58368K, 12% used [0x0000000081e00000,0x00000000824eae18,0x0000000085700000)
 Metaspace       used 28400K, capacity 28634K, committed 28976K, reserved 1075200K
  class space    used 3979K, capacity 4063K, committed 4144K, reserved 1048576K
Event: 6.308 GC heap after
Heap after GC invocations=7 (full 1):
 PSYoungGen      total 58880K, used 6066K [0x00000000d5f80000, 0x00000000da280000, 0x0000000100000000)
  eden space 50176K, 0% used [0x00000000d5f80000,0x00000000d5f80000,0x00000000d9080000)
  from space 8704K, 69% used [0x00000000d9900000,0x00000000d9eecb48,0x00000000da180000)
  to   space 8704K, 0% used [0x00000000d9080000,0x00000000d9080000,0x00000000d9900000)
 ParOldGen       total 58368K, used 7083K [0x0000000081e00000, 0x0000000085700000, 0x00000000d5f80000)
  object space 58368K, 12% used [0x0000000081e00000,0x00000000824eae18,0x0000000085700000)
 Metaspace       used 28400K, capacity 28634K, committed 28976K, reserved 1075200K
  class space    used 3979K, capacity 4063K, committed 4144K, reserved 1048576K
}

