# JRE version: Java(TM) SE Runtime Environment (8.0_121-b13) (build 1.8.0_121-b13)
# Java VM: Java HotSpot(TM) 64-Bit Server VM (25.121-b13 mixed mode windows-amd64 compressed oops)
Heap:
 PSYoungGen      total 82944K, used 17093K [0x00000000d5f80000, 0x00000000dd300000, 0x0000000100000000)
  eden space 75776K, 13% used [0x00000000d5f80000,0x00000000d69385f8,0x00000000da980000)
  from space 7168K, 99% used [0x00000000db400000,0x00000000dbaf9138,0x00000000dbb00000)
  to   space 10752K, 0% used [0x00000000da980000,0x00000000da980000,0x00000000db400000)
 ParOldGen       total 88576K, used 14823K [0x0000000081e00000, 0x0000000087480000, 0x00000000d5f80000)
  object space 88576K, 16% used [0x0000000081e00000,0x0000000082c79e38,0x0000000087480000)
 Metaspace       used 46330K, capacity 46632K, committed 47144K, reserved 1089536K
  class space    used 7560K, capacity 7650K, committed 7720K, reserved 1048576K
GC Heap History (10 events):
Event: 8.756 GC heap before
{Heap before GC invocations=8 (full 1):
 PSYoungGen      total 58880K, used 56305K [0x00000000d5f80000, 0x00000000da180000, 0x0000000100000000)
  eden space 50176K, 100% used [0x00000000d5f80000,0x00000000d9080000,0x00000000d9080000)
  from space 8704K, 70% used [0x00000000d9900000,0x00000000d9efc568,0x00000000da180000)
  to   space 8704K, 0% used [0x00000000d9080000,0x00000000d9080000,0x00000000d9900000)
 ParOldGen       total 58880K, used 6998K [0x0000000081e00000, 0x0000000085780000, 0x00000000d5f80000)
  object space 58880K, 11% used [0x0000000081e00000,0x00000000824d5be8,0x0000000085780000)
 Metaspace       used 32552K, capacity 32846K, committed 33200K, reserved 1077248K
  class space    used 4574K, capacity 4685K, committed 4784K, reserved 1048576K
Event: 8.777 GC heap after
Heap after GC invocations=8 (full 1):
 PSYoungGen      total 58880K, used 7326K [0x00000000d5f80000, 0x00000000dbd00000, 0x0000000100000000)
  eden space 50176K, 0% used [0x00000000d5f80000,0x00000000d5f80000,0x00000000d9080000)
  from space 8704K, 84% used [0x00000000d9080000,0x00000000d97a7858,0x00000000d9900000)
  to   space 9216K, 0% used [0x00000000db400000,0x00000000db400000,0x00000000dbd00000)
 ParOldGen       total 58880K, used 6998K [0x0000000081e00000, 0x0000000085780000, 0x00000000d5f80000)
  object space 58880K, 11% used [0x0000000081e00000,0x00000000824d5be8,0x0000000085780000)
 Metaspace       used 32552K, capacity 32846K, committed 33200K, reserved 1077248K
  class space    used 4574K, capacity 4685K, committed 4784K, reserved 1048576K
}
Event: 10.043 GC heap before
{Heap before GC invocations=9 (full 1):
 PSYoungGen      total 58880K, used 51194K [0x00000000d5f80000, 0x00000000dbd00000, 0x0000000100000000)
  eden space 50176K, 87% used [0x00000000d5f80000,0x00000000d8a57288,0x00000000d9080000)
  from space 8704K, 84% used [0x00000000d9080000,0x00000000d97a7858,0x00000000d9900000)
  to   space 9216K, 0% used [0x00000000db400000,0x00000000db400000,0x00000000dbd00000)
 ParOldGen       total 58880K, used 6998K [0x0000000081e00000, 0x0000000085780000, 0x00000000d5f80000)
  object space 58880K, 11% used [0x0000000081e00000,0x00000000824d5be8,0x0000000085780000)
 Metaspace       used 34965K, capacity 35226K, committed 35496K, reserved 1079296K
  class space    used 4844K, capacity 4943K, committed 5032K, reserved 1048576K
Event: 10.050 GC heap after
Heap after GC invocations=9 (full 1):
 PSYoungGen      total 83456K, used 5535K [0x00000000d5f80000, 0x00000000dbb00000, 0x0000000100000000)
  eden space 76288K, 0% used [0x00000000d5f80000,0x00000000d5f80000,0x00000000daa00000)
  from space 7168K, 77% used [0x00000000db400000,0x00000000db967df8,0x00000000dbb00000)
  to   space 8704K, 0% used [0x00000000daa00000,0x00000000daa00000,0x00000000db280000)
 ParOldGen       total 58880K, used 7006K [0x0000000081e00000, 0x0000000085780000, 0x00000000d5f80000)
  object space 58880K, 11% used [0x0000000081e00000,0x00000000824d7be8,0x0000000085780000)
 Metaspace       used 34965K, capacity 35226K, committed 35496K, reserved 1079296K
  class space    used 4844K, capacity 4943K, committed 5032K, reserved 1048576K
}
Event: 10.050 GC heap before
{Heap before GC invocations=10 (full 2):
 PSYoungGen      total 83456K, used 5535K [0x00000000d5f80000, 0x00000000dbb00000, 0x0000000100000000)
  eden space 76288K, 0% used [0x00000000d5f80000,0x00000000d5f80000,0x00000000daa00000)
  from space 7168K, 77% used [0x00000000db400000,0x00000000db967df8,0x00000000dbb00000)
  to   space 8704K, 0% used [0x00000000daa00000,0x00000000daa00000,0x00000000db280000)
 ParOldGen       total 58880K, used 7006K [0x0000000081e00000, 0x0000000085780000, 0x00000000d5f80000)
  object space 58880K, 11% used [0x0000000081e00000,0x00000000824d7be8,0x0000000085780000)
 Metaspace       used 34965K, capacity 35226K, committed 35496K, reserved 1079296K
  class space    used 4844K, capacity 4943K, committed 5032K, reserved 1048576K
Event: 10.115 GC heap after
Heap after GC invocations=10 (full 2):
 PSYoungGen      total 83456K, used 0K [0x00000000d5f80000, 0x00000000dbb00000, 0x0000000100000000)
  eden space 76288K, 0% used [0x00000000d5f80000,0x00000000d5f80000,0x00000000daa00000)
  from space 7168K, 0% used [0x00000000db400000,0x00000000db400000,0x00000000dbb00000)
  to   space 8704K, 0% used [0x00000000daa00000,0x00000000daa00000,0x00000000db280000)
 ParOldGen       total 88576K, used 9325K [0x0000000081e00000, 0x0000000087480000, 0x00000000d5f80000)
  object space 88576K, 10% used [0x0000000081e00000,0x000000008271b500,0x0000000087480000)
 Metaspace       used 34965K, capacity 35226K, committed 35496K, reserved 1079296K
  class space    used 4844K, capacity 4943K, committed 5032K, reserved 1048576K
}
Event: 11.389 GC heap before
{Heap before GC invocations=11 (full 2):
 PSYoungGen      total 83456K, used 76288K [0x00000000d5f80000, 0x00000000dbb00000, 0x0000000100000000)
  eden space 76288K, 100% used [0x00000000d5f80000,0x00000000daa00000,0x00000000daa00000)
  from space 7168K, 0% used [0x00000000db400000,0x00000000db400000,0x00000000dbb00000)
  to   space 8704K, 0% used [0x00000000daa00000,0x00000000daa00000,0x00000000db280000)
 ParOldGen       total 88576K, used 9325K [0x0000000081e00000, 0x0000000087480000, 0x00000000d5f80000)
  object space 88576K, 10% used [0x0000000081e00000,0x000000008271b500,0x0000000087480000)
 Metaspace       used 39133K, capacity 39428K, committed 39848K, reserved 1083392K
  class space    used 6471K, capacity 6550K, committed 6568K, reserved 1048576K
Event: 11.398 GC heap after
Heap after GC invocations=11 (full 2):
 PSYoungGen      total 84992K, used 6254K [0x00000000d5f80000, 0x00000000dbb00000, 0x0000000100000000)
  eden space 76288K, 0% used [0x00000000d5f80000,0x00000000d5f80000,0x00000000daa00000)
  from space 8704K, 71% used [0x00000000daa00000,0x00000000db01bbc8,0x00000000db280000)
  to   space 7168K, 0% used [0x00000000db400000,0x00000000db400000,0x00000000dbb00000)
 ParOldGen       total 88576K, used 9333K [0x0000000081e00000, 0x0000000087480000, 0x00000000d5f80000)
  object space 88576K, 10% used [0x0000000081e00000,0x000000008271d500,0x0000000087480000)
 Metaspace       used 39133K, capacity 39428K, committed 39848K, reserved 1083392K
  class space    used 6471K, capacity 6550K, committed 6568K, reserved 1048576K
}
Event: 13.476 GC heap before
{Heap before GC invocations=12 (full 2):
 PSYoungGen      total 84992K, used 82542K [0x00000000d5f80000, 0x00000000dbb00000, 0x0000000100000000)
  eden space 76288K, 100% used [0x00000000d5f80000,0x00000000daa00000,0x00000000daa00000)
  from space 8704K, 71% used [0x00000000daa00000,0x00000000db01bbc8,0x00000000db280000)
  to   space 7168K, 0% used [0x00000000db400000,0x00000000db400000,0x00000000dbb00000)
 ParOldGen       total 88576K, used 9333K [0x0000000081e00000, 0x0000000087480000, 0x00000000d5f80000)
  object space 88576K, 10% used [0x0000000081e00000,0x000000008271d500,0x0000000087480000)
 Metaspace       used 45749K, capacity 46070K, committed 46504K, reserved 1087488K
  class space    used 7465K, capacity 7547K, committed 7592K, reserved 1048576K
Event: 13.496 GC heap after
Heap after GC invocations=12 (full 2):
 PSYoungGen      total 82944K, used 7140K [0x00000000d5f80000, 0x00000000dd300000, 0x0000000100000000)
  eden space 75776K, 0% used [0x00000000d5f80000,0x00000000d5f80000,0x00000000da980000)
  from space 7168K, 99% used [0x00000000db400000,0x00000000dbaf9138,0x00000000dbb00000)
  to   space 10752K, 0% used [0x00000000da980000,0x00000000da980000,0x00000000db400000)
 ParOldGen       total 88576K, used 14823K [0x0000000081e00000, 0x0000000087480000, 0x00000000d5f80000)
  object space 88576K, 16% used [0x0000000081e00000,0x0000000082c79e38,0x0000000087480000)
 Metaspace       used 45749K, capacity 46070K, committed 46504K, reserved 1087488K
  class space    used 7465K, capacity 7547K, committed 7592K, reserved 1048576K
}

