# JRE version: Java(TM) SE Runtime Environment (8.0_121-b13) (build 1.8.0_121-b13)
# Java VM: Java HotSpot(TM) 64-Bit Server VM (25.121-b13 mixed mode windows-amd64 compressed oops)
Heap:
 PSYoungGen      total 143360K, used 88152K [0x00000000f5580000, 0x00000000fff80000, 0x0000000100000000)
  eden space 112128K, 69% used [0x00000000f5580000,0x00000000fa20c9c8,0x00000000fc300000)
  from space 31232K, 31% used [0x00000000fc300000,0x00000000fcc896a0,0x00000000fe180000)
  to   space 30208K, 0% used [0x00000000fe200000,0x00000000fe200000,0x00000000fff80000)
 ParOldGen       total 161280K, used 43448K [0x00000000e0000000, 0x00000000e9d80000, 0x00000000f5580000)
  object space 161280K, 26% used [0x00000000e0000000,0x00000000e2a6e270,0x00000000e9d80000)
 Metaspace       used 80749K, capacity 82132K, committed 82264K, reserved 1116160K
  class space    used 14384K, capacity 14607K, committed 14720K, reserved 1048576K
GC Heap History (10 events):
Event: 20.458 GC heap before
{Heap before GC invocations=18 (full 4):
 PSYoungGen      total 108032K, used 108030K [0x00000000f5580000, 0x00000000fea80000, 0x0000000100000000)
  eden space 95744K, 100% used [0x00000000f5580000,0x00000000fb300000,0x00000000fb300000)
  from space 12288K, 99% used [0x00000000fb300000,0x00000000fbeffa70,0x00000000fbf00000)
  to   space 17920K, 0% used [0x00000000fd900000,0x00000000fd900000,0x00000000fea80000)
 ParOldGen       total 110080K, used 26215K [0x00000000e0000000, 0x00000000e6b80000, 0x00000000f5580000)
  object space 110080K, 23% used [0x00000000e0000000,0x00000000e1999e58,0x00000000e6b80000)
 Metaspace       used 66452K, capacity 66966K, committed 67200K, reserved 1103872K
  class space    used 12371K, capacity 12573K, committed 12672K, reserved 1048576K
Event: 20.489 GC heap after
Heap after GC invocations=18 (full 4):
 PSYoungGen      total 129536K, used 17905K [0x00000000f5580000, 0x00000000ff180000, 0x0000000100000000)
  eden space 111616K, 0% used [0x00000000f5580000,0x00000000f5580000,0x00000000fc280000)
  from space 17920K, 99% used [0x00000000fd900000,0x00000000fea7c6c0,0x00000000fea80000)
  to   space 23040K, 0% used [0x00000000fc280000,0x00000000fc280000,0x00000000fd900000)
 ParOldGen       total 110080K, used 32058K [0x00000000e0000000, 0x00000000e6b80000, 0x00000000f5580000)
  object space 110080K, 29% used [0x00000000e0000000,0x00000000e1f4eba8,0x00000000e6b80000)
 Metaspace       used 66452K, capacity 66966K, committed 67200K, reserved 1103872K
  class space    used 12371K, capacity 12573K, committed 12672K, reserved 1048576K
}
Event: 21.707 GC heap before
{Heap before GC invocations=19 (full 4):
 PSYoungGen      total 129536K, used 129521K [0x00000000f5580000, 0x00000000ff180000, 0x0000000100000000)
  eden space 111616K, 100% used [0x00000000f5580000,0x00000000fc280000,0x00000000fc280000)
  from space 17920K, 99% used [0x00000000fd900000,0x00000000fea7c6c0,0x00000000fea80000)
  to   space 23040K, 0% used [0x00000000fc280000,0x00000000fc280000,0x00000000fd900000)
 ParOldGen       total 110080K, used 32058K [0x00000000e0000000, 0x00000000e6b80000, 0x00000000f5580000)
  object space 110080K, 29% used [0x00000000e0000000,0x00000000e1f4eba8,0x00000000e6b80000)
 Metaspace       used 68224K, capacity 68798K, committed 68992K, reserved 1105920K
  class space    used 12760K, capacity 12923K, committed 12928K, reserved 1048576K
Event: 21.746 GC heap after
Heap after GC invocations=19 (full 4):
 PSYoungGen      total 134656K, used 23037K [0x00000000f5580000, 0x0000000100000000, 0x0000000100000000)
  eden space 111616K, 0% used [0x00000000f5580000,0x00000000f5580000,0x00000000fc280000)
  from space 23040K, 99% used [0x00000000fc280000,0x00000000fd8ff460,0x00000000fd900000)
  to   space 29696K, 0% used [0x00000000fe300000,0x00000000fe300000,0x0000000100000000)
 ParOldGen       total 110080K, used 41568K [0x00000000e0000000, 0x00000000e6b80000, 0x00000000f5580000)
  object space 110080K, 37% used [0x00000000e0000000,0x00000000e2898320,0x00000000e6b80000)
 Metaspace       used 68224K, capacity 68798K, committed 68992K, reserved 1105920K
  class space    used 12760K, capacity 12923K, committed 12928K, reserved 1048576K
}
Event: 21.852 GC heap before
{Heap before GC invocations=20 (full 4):
 PSYoungGen      total 134656K, used 43661K [0x00000000f5580000, 0x0000000100000000, 0x0000000100000000)
  eden space 111616K, 18% used [0x00000000f5580000,0x00000000f69a4320,0x00000000fc280000)
  from space 23040K, 99% used [0x00000000fc280000,0x00000000fd8ff460,0x00000000fd900000)
  to   space 29696K, 0% used [0x00000000fe300000,0x00000000fe300000,0x0000000100000000)
 ParOldGen       total 110080K, used 41568K [0x00000000e0000000, 0x00000000e6b80000, 0x00000000f5580000)
  object space 110080K, 37% used [0x00000000e0000000,0x00000000e2898320,0x00000000e6b80000)
 Metaspace       used 68788K, capacity 69278K, committed 69336K, reserved 1105920K
  class space    used 12865K, capacity 13019K, committed 13056K, reserved 1048576K
Event: 21.899 GC heap after
Heap after GC invocations=20 (full 4):
 PSYoungGen      total 141824K, used 20489K [0x00000000f5580000, 0x0000000100000000, 0x0000000100000000)
  eden space 112128K, 0% used [0x00000000f5580000,0x00000000f5580000,0x00000000fc300000)
  from space 29696K, 68% used [0x00000000fe300000,0x00000000ff702610,0x0000000100000000)
  to   space 31232K, 0% used [0x00000000fc300000,0x00000000fc300000,0x00000000fe180000)
 ParOldGen       total 110080K, used 47007K [0x00000000e0000000, 0x00000000e6b80000, 0x00000000f5580000)
  object space 110080K, 42% used [0x00000000e0000000,0x00000000e2de7f30,0x00000000e6b80000)
 Metaspace       used 68788K, capacity 69278K, committed 69336K, reserved 1105920K
  class space    used 12865K, capacity 13019K, committed 13056K, reserved 1048576K
}
Event: 21.899 GC heap before
{Heap before GC invocations=21 (full 5):
 PSYoungGen      total 141824K, used 20489K [0x00000000f5580000, 0x0000000100000000, 0x0000000100000000)
  eden space 112128K, 0% used [0x00000000f5580000,0x00000000f5580000,0x00000000fc300000)
  from space 29696K, 68% used [0x00000000fe300000,0x00000000ff702610,0x0000000100000000)
  to   space 31232K, 0% used [0x00000000fc300000,0x00000000fc300000,0x00000000fe180000)
 ParOldGen       total 110080K, used 47007K [0x00000000e0000000, 0x00000000e6b80000, 0x00000000f5580000)
  object space 110080K, 42% used [0x00000000e0000000,0x00000000e2de7f30,0x00000000e6b80000)
 Metaspace       used 68788K, capacity 69278K, committed 69336K, reserved 1105920K
  class space    used 12865K, capacity 13019K, committed 13056K, reserved 1048576K
Event: 22.095 GC heap after
Heap after GC invocations=21 (full 5):
 PSYoungGen      total 141824K, used 0K [0x00000000f5580000, 0x0000000100000000, 0x0000000100000000)
  eden space 112128K, 0% used [0x00000000f5580000,0x00000000f5580000,0x00000000fc300000)
  from space 29696K, 0% used [0x00000000fe300000,0x00000000fe300000,0x0000000100000000)
  to   space 31232K, 0% used [0x00000000fc300000,0x00000000fc300000,0x00000000fe180000)
 ParOldGen       total 161280K, used 43417K [0x00000000e0000000, 0x00000000e9d80000, 0x00000000f5580000)
  object space 161280K, 26% used [0x00000000e0000000,0x00000000e2a66610,0x00000000e9d80000)
 Metaspace       used 68732K, capacity 69174K, committed 69336K, reserved 1105920K
  class space    used 12854K, capacity 13007K, committed 13056K, reserved 1048576K
}
Event: 24.527 GC heap before
{Heap before GC invocations=22 (full 5):
 PSYoungGen      total 141824K, used 112128K [0x00000000f5580000, 0x0000000100000000, 0x0000000100000000)
  eden space 112128K, 100% used [0x00000000f5580000,0x00000000fc300000,0x00000000fc300000)
  from space 29696K, 0% used [0x00000000fe300000,0x00000000fe300000,0x0000000100000000)
  to   space 31232K, 0% used [0x00000000fc300000,0x00000000fc300000,0x00000000fe180000)
 ParOldGen       total 161280K, used 43417K [0x00000000e0000000, 0x00000000e9d80000, 0x00000000f5580000)
  object space 161280K, 26% used [0x00000000e0000000,0x00000000e2a66610,0x00000000e9d80000)
 Metaspace       used 79136K, capacity 80172K, committed 80472K, reserved 1116160K
  class space    used 14162K, capacity 14361K, committed 14464K, reserved 1048576K
Event: 24.545 GC heap after
Heap after GC invocations=22 (full 5):
 PSYoungGen      total 143360K, used 9765K [0x00000000f5580000, 0x00000000fff80000, 0x0000000100000000)
  eden space 112128K, 0% used [0x00000000f5580000,0x00000000f5580000,0x00000000fc300000)
  from space 31232K, 31% used [0x00000000fc300000,0x00000000fcc896a0,0x00000000fe180000)
  to   space 30208K, 0% used [0x00000000fe200000,0x00000000fe200000,0x00000000fff80000)
 ParOldGen       total 161280K, used 43448K [0x00000000e0000000, 0x00000000e9d80000, 0x00000000f5580000)
  object space 161280K, 26% used [0x00000000e0000000,0x00000000e2a6e270,0x00000000e9d80000)
 Metaspace       used 79136K, capacity 80172K, committed 80472K, reserved 1116160K
  class space    used 14162K, capacity 14361K, committed 14464K, reserved 1048576K
}

