# JRE version: Java(TM) SE Runtime Environment (8.0_121-b13) (build 1.8.0_121-b13)
# Java VM: Java HotSpot(TM) 64-Bit Server VM (25.121-b13 mixed mode windows-amd64 compressed oops)
Heap:
 PSYoungGen      total 132096K, used 40143K [0x00000000f5580000, 0x0000000100000000, 0x0000000100000000)
  eden space 109056K, 36% used [0x00000000f5580000,0x00000000f7cb3ed8,0x00000000fc000000)
  from space 23040K, 0% used [0x00000000fc000000,0x00000000fc000000,0x00000000fd680000)
  to   space 38400K, 0% used [0x00000000fda80000,0x00000000fda80000,0x0000000100000000)
 ParOldGen       total 209920K, used 74087K [0x00000000e0000000, 0x00000000ecd00000, 0x00000000f5580000)
  object space 209920K, 35% used [0x00000000e0000000,0x00000000e4859cb0,0x00000000ecd00000)
 Metaspace       used 74876K, capacity 75491K, committed 75864K, reserved 1112064K
  class space    used 13955K, capacity 14126K, committed 14208K, reserved 1048576K
GC Heap History (10 events):
Event: 32.663 GC heap before
{Heap before GC invocations=16 (full 4):
 PSYoungGen      total 93184K, used 89436K [0x00000000f5580000, 0x00000000fca80000, 0x0000000100000000)
  eden space 81920K, 100% used [0x00000000f5580000,0x00000000fa580000,0x00000000fa580000)
  from space 11264K, 66% used [0x00000000fa580000,0x00000000facd7358,0x00000000fb080000)
  to   space 11264K, 0% used [0x00000000fbf80000,0x00000000fbf80000,0x00000000fca80000)
 ParOldGen       total 103936K, used 14549K [0x00000000e0000000, 0x00000000e6580000, 0x00000000f5580000)
  object space 103936K, 13% used [0x00000000e0000000,0x00000000e0e35420,0x00000000e6580000)
 Metaspace       used 49498K, capacity 49842K, committed 50048K, reserved 1089536K
  class space    used 9665K, capacity 9763K, committed 9856K, reserved 1048576K
Event: 32.676 GC heap after
Heap after GC invocations=16 (full 4):
 PSYoungGen      total 105984K, used 11238K [0x00000000f5580000, 0x00000000fcb00000, 0x0000000100000000)
  eden space 94720K, 0% used [0x00000000f5580000,0x00000000f5580000,0x00000000fb200000)
  from space 11264K, 99% used [0x00000000fbf80000,0x00000000fca79b18,0x00000000fca80000)
  to   space 12800K, 0% used [0x00000000fb200000,0x00000000fb200000,0x00000000fbe80000)
 ParOldGen       total 103936K, used 14959K [0x00000000e0000000, 0x00000000e6580000, 0x00000000f5580000)
  object space 103936K, 14% used [0x00000000e0000000,0x00000000e0e9bfe8,0x00000000e6580000)
 Metaspace       used 49498K, capacity 49842K, committed 50048K, reserved 1089536K
  class space    used 9665K, capacity 9763K, committed 9856K, reserved 1048576K
}
Event: 33.758 GC heap before
{Heap before GC invocations=17 (full 4):
 PSYoungGen      total 105984K, used 105958K [0x00000000f5580000, 0x00000000fcb00000, 0x0000000100000000)
  eden space 94720K, 100% used [0x00000000f5580000,0x00000000fb200000,0x00000000fb200000)
  from space 11264K, 99% used [0x00000000fbf80000,0x00000000fca79b18,0x00000000fca80000)
  to   space 12800K, 0% used [0x00000000fb200000,0x00000000fb200000,0x00000000fbe80000)
 ParOldGen       total 103936K, used 14959K [0x00000000e0000000, 0x00000000e6580000, 0x00000000f5580000)
  object space 103936K, 14% used [0x00000000e0000000,0x00000000e0e9bfe8,0x00000000e6580000)
 Metaspace       used 53885K, capacity 54376K, committed 54656K, reserved 1093632K
  class space    used 10578K, capacity 10760K, committed 10880K, reserved 1048576K
Event: 33.790 GC heap after
Heap after GC invocations=17 (full 4):
 PSYoungGen      total 107520K, used 12798K [0x00000000f5580000, 0x00000000fe780000, 0x0000000100000000)
  eden space 94720K, 0% used [0x00000000f5580000,0x00000000f5580000,0x00000000fb200000)
  from space 12800K, 99% used [0x00000000fb200000,0x00000000fbe7fa50,0x00000000fbe80000)
  to   space 17408K, 0% used [0x00000000fd680000,0x00000000fd680000,0x00000000fe780000)
 ParOldGen       total 103936K, used 23242K [0x00000000e0000000, 0x00000000e6580000, 0x00000000f5580000)
  object space 103936K, 22% used [0x00000000e0000000,0x00000000e16b2830,0x00000000e6580000)
 Metaspace       used 53885K, capacity 54376K, committed 54656K, reserved 1093632K
  class space    used 10578K, capacity 10760K, committed 10880K, reserved 1048576K
}
Event: 34.831 GC heap before
{Heap before GC invocations=18 (full 4):
 PSYoungGen      total 107520K, used 107518K [0x00000000f5580000, 0x00000000fe780000, 0x0000000100000000)
  eden space 94720K, 100% used [0x00000000f5580000,0x00000000fb200000,0x00000000fb200000)
  from space 12800K, 99% used [0x00000000fb200000,0x00000000fbe7fa50,0x00000000fbe80000)
  to   space 17408K, 0% used [0x00000000fd680000,0x00000000fd680000,0x00000000fe780000)
 ParOldGen       total 103936K, used 23242K [0x00000000e0000000, 0x00000000e6580000, 0x00000000f5580000)
  object space 103936K, 22% used [0x00000000e0000000,0x00000000e16b2830,0x00000000e6580000)
 Metaspace       used 57015K, capacity 57518K, committed 57728K, reserved 1095680K
  class space    used 11203K, capacity 11378K, committed 11392K, reserved 1048576K
Event: 34.870 GC heap after
Heap after GC invocations=18 (full 4):
 PSYoungGen      total 126464K, used 17402K [0x00000000f5580000, 0x00000000ff680000, 0x0000000100000000)
  eden space 109056K, 0% used [0x00000000f5580000,0x00000000f5580000,0x00000000fc000000)
  from space 17408K, 99% used [0x00000000fd680000,0x00000000fe77e840,0x00000000fe780000)
  to   space 23040K, 0% used [0x00000000fc000000,0x00000000fc000000,0x00000000fd680000)
 ParOldGen       total 103936K, used 31632K [0x00000000e0000000, 0x00000000e6580000, 0x00000000f5580000)
  object space 103936K, 30% used [0x00000000e0000000,0x00000000e1ee4068,0x00000000e6580000)
 Metaspace       used 57015K, capacity 57518K, committed 57728K, reserved 1095680K
  class space    used 11203K, capacity 11378K, committed 11392K, reserved 1048576K
}
Event: 36.166 GC heap before
{Heap before GC invocations=19 (full 4):
 PSYoungGen      total 126464K, used 112269K [0x00000000f5580000, 0x00000000ff680000, 0x0000000100000000)
  eden space 109056K, 86% used [0x00000000f5580000,0x00000000fb224d68,0x00000000fc000000)
  from space 17408K, 99% used [0x00000000fd680000,0x00000000fe77e840,0x00000000fe780000)
  to   space 23040K, 0% used [0x00000000fc000000,0x00000000fc000000,0x00000000fd680000)
 ParOldGen       total 103936K, used 31632K [0x00000000e0000000, 0x00000000e6580000, 0x00000000f5580000)
  object space 103936K, 30% used [0x00000000e0000000,0x00000000e1ee4068,0x00000000e6580000)
 Metaspace       used 68681K, capacity 69234K, committed 69336K, reserved 1105920K
  class space    used 13110K, capacity 13298K, committed 13312K, reserved 1048576K
Event: 36.216 GC heap after
Heap after GC invocations=19 (full 4):
 PSYoungGen      total 132096K, used 23034K [0x00000000f5580000, 0x0000000100000000, 0x0000000100000000)
  eden space 109056K, 0% used [0x00000000f5580000,0x00000000f5580000,0x00000000fc000000)
  from space 23040K, 99% used [0x00000000fc000000,0x00000000fd67e8b0,0x00000000fd680000)
  to   space 38400K, 0% used [0x00000000fda80000,0x00000000fda80000,0x0000000100000000)
 ParOldGen       total 103936K, used 63753K [0x00000000e0000000, 0x00000000e6580000, 0x00000000f5580000)
  object space 103936K, 61% used [0x00000000e0000000,0x00000000e3e42598,0x00000000e6580000)
 Metaspace       used 68681K, capacity 69234K, committed 69336K, reserved 1105920K
  class space    used 13110K, capacity 13298K, committed 13312K, reserved 1048576K
}
Event: 36.216 GC heap before
{Heap before GC invocations=20 (full 5):
 PSYoungGen      total 132096K, used 23034K [0x00000000f5580000, 0x0000000100000000, 0x0000000100000000)
  eden space 109056K, 0% used [0x00000000f5580000,0x00000000f5580000,0x00000000fc000000)
  from space 23040K, 99% used [0x00000000fc000000,0x00000000fd67e8b0,0x00000000fd680000)
  to   space 38400K, 0% used [0x00000000fda80000,0x00000000fda80000,0x0000000100000000)
 ParOldGen       total 103936K, used 63753K [0x00000000e0000000, 0x00000000e6580000, 0x00000000f5580000)
  object space 103936K, 61% used [0x00000000e0000000,0x00000000e3e42598,0x00000000e6580000)
 Metaspace       used 68681K, capacity 69234K, committed 69336K, reserved 1105920K
  class space    used 13110K, capacity 13298K, committed 13312K, reserved 1048576K
Event: 36.498 GC heap after
Heap after GC invocations=20 (full 5):
 PSYoungGen      total 132096K, used 0K [0x00000000f5580000, 0x0000000100000000, 0x0000000100000000)
  eden space 109056K, 0% used [0x00000000f5580000,0x00000000f5580000,0x00000000fc000000)
  from space 23040K, 0% used [0x00000000fc000000,0x00000000fc000000,0x00000000fd680000)
  to   space 38400K, 0% used [0x00000000fda80000,0x00000000fda80000,0x0000000100000000)
 ParOldGen       total 209920K, used 74087K [0x00000000e0000000, 0x00000000ecd00000, 0x00000000f5580000)
  object space 209920K, 35% used [0x00000000e0000000,0x00000000e4859cb0,0x00000000ecd00000)
 Metaspace       used 68670K, capacity 69218K, committed 69336K, reserved 1105920K
  class space    used 13106K, capacity 13294K, committed 13312K, reserved 1048576K
}

