# JRE version: Java(TM) SE Runtime Environment (8.0_121-b13) (build 1.8.0_121-b13)
# Java VM: Java HotSpot(TM) 64-Bit Server VM (25.121-b13 mixed mode windows-amd64 compressed oops)
Heap:
 PSYoungGen      total 138752K, used 14055K [0x00000000f5580000, 0x0000000100000000, 0x0000000100000000)
  eden space 111104K, 12% used [0x00000000f5580000,0x00000000f6339c48,0x00000000fc200000)
  from space 27648K, 0% used [0x00000000fc200000,0x00000000fc200000,0x00000000fdd00000)
  to   space 35840K, 0% used [0x00000000fdd00000,0x00000000fdd00000,0x0000000100000000)
 ParOldGen       total 190976K, used 68223K [0x00000000e0000000, 0x00000000eba80000, 0x00000000f5580000)
  object space 190976K, 35% used [0x00000000e0000000,0x00000000e429fd30,0x00000000eba80000)
 Metaspace       used 71390K, capacity 71938K, committed 72280K, reserved 1107968K
  class space    used 13187K, capacity 13390K, committed 13440K, reserved 1048576K
GC Heap History (10 events):
Event: 63.564 GC heap before
{Heap before GC invocations=16 (full 4):
 PSYoungGen      total 96768K, used 92892K [0x00000000f5580000, 0x00000000fd000000, 0x0000000100000000)
  eden space 85504K, 100% used [0x00000000f5580000,0x00000000fa900000,0x00000000fa900000)
  from space 11264K, 65% used [0x00000000fa900000,0x00000000fb037358,0x00000000fb400000)
  to   space 11264K, 0% used [0x00000000fc500000,0x00000000fc500000,0x00000000fd000000)
 ParOldGen       total 99328K, used 14547K [0x00000000e0000000, 0x00000000e6100000, 0x00000000f5580000)
  object space 99328K, 14% used [0x00000000e0000000,0x00000000e0e34e20,0x00000000e6100000)
 Metaspace       used 50018K, capacity 50322K, committed 50688K, reserved 1089536K
  class space    used 9751K, capacity 9859K, committed 9984K, reserved 1048576K
Event: 63.583 GC heap after
Heap after GC invocations=16 (full 4):
 PSYoungGen      total 111104K, used 11252K [0x00000000f5580000, 0x00000000fd100000, 0x0000000100000000)
  eden space 99840K, 0% used [0x00000000f5580000,0x00000000f5580000,0x00000000fb700000)
  from space 11264K, 99% used [0x00000000fc500000,0x00000000fcffd280,0x00000000fd000000)
  to   space 13312K, 0% used [0x00000000fb700000,0x00000000fb700000,0x00000000fc400000)
 ParOldGen       total 99328K, used 16933K [0x00000000e0000000, 0x00000000e6100000, 0x00000000f5580000)
  object space 99328K, 17% used [0x00000000e0000000,0x00000000e10894a8,0x00000000e6100000)
 Metaspace       used 50018K, capacity 50322K, committed 50688K, reserved 1089536K
  class space    used 9751K, capacity 9859K, committed 9984K, reserved 1048576K
}
Event: 65.302 GC heap before
{Heap before GC invocations=17 (full 4):
 PSYoungGen      total 111104K, used 111092K [0x00000000f5580000, 0x00000000fd100000, 0x0000000100000000)
  eden space 99840K, 100% used [0x00000000f5580000,0x00000000fb700000,0x00000000fb700000)
  from space 11264K, 99% used [0x00000000fc500000,0x00000000fcffd280,0x00000000fd000000)
  to   space 13312K, 0% used [0x00000000fb700000,0x00000000fb700000,0x00000000fc400000)
 ParOldGen       total 99328K, used 16933K [0x00000000e0000000, 0x00000000e6100000, 0x00000000f5580000)
  object space 99328K, 17% used [0x00000000e0000000,0x00000000e10894a8,0x00000000e6100000)
 Metaspace       used 52556K, capacity 53032K, committed 53120K, reserved 1091584K
  class space    used 10164K, capacity 10312K, committed 10368K, reserved 1048576K
Event: 65.333 GC heap after
Heap after GC invocations=17 (full 4):
 PSYoungGen      total 113152K, used 13310K [0x00000000f5580000, 0x00000000fef80000, 0x0000000100000000)
  eden space 99840K, 0% used [0x00000000f5580000,0x00000000f5580000,0x00000000fb700000)
  from space 13312K, 99% used [0x00000000fb700000,0x00000000fc3ffa00,0x00000000fc400000)
  to   space 18944K, 0% used [0x00000000fdd00000,0x00000000fdd00000,0x00000000fef80000)
 ParOldGen       total 99328K, used 26527K [0x00000000e0000000, 0x00000000e6100000, 0x00000000f5580000)
  object space 99328K, 26% used [0x00000000e0000000,0x00000000e19e7cb0,0x00000000e6100000)
 Metaspace       used 52556K, capacity 53032K, committed 53120K, reserved 1091584K
  class space    used 10164K, capacity 10312K, committed 10368K, reserved 1048576K
}
Event: 67.094 GC heap before
{Heap before GC invocations=18 (full 4):
 PSYoungGen      total 113152K, used 113150K [0x00000000f5580000, 0x00000000fef80000, 0x0000000100000000)
  eden space 99840K, 100% used [0x00000000f5580000,0x00000000fb700000,0x00000000fb700000)
  from space 13312K, 99% used [0x00000000fb700000,0x00000000fc3ffa00,0x00000000fc400000)
  to   space 18944K, 0% used [0x00000000fdd00000,0x00000000fdd00000,0x00000000fef80000)
 ParOldGen       total 99328K, used 26527K [0x00000000e0000000, 0x00000000e6100000, 0x00000000f5580000)
  object space 99328K, 26% used [0x00000000e0000000,0x00000000e19e7cb0,0x00000000e6100000)
 Metaspace       used 64327K, capacity 64878K, committed 65024K, reserved 1101824K
  class space    used 12336K, capacity 12530K, committed 12544K, reserved 1048576K
Event: 67.135 GC heap after
Heap after GC invocations=18 (full 4):
 PSYoungGen      total 130048K, used 18922K [0x00000000f5580000, 0x0000000100000000, 0x0000000100000000)
  eden space 111104K, 0% used [0x00000000f5580000,0x00000000f5580000,0x00000000fc200000)
  from space 18944K, 99% used [0x00000000fdd00000,0x00000000fef7a840,0x00000000fef80000)
  to   space 27648K, 0% used [0x00000000fc200000,0x00000000fc200000,0x00000000fdd00000)
 ParOldGen       total 99328K, used 43114K [0x00000000e0000000, 0x00000000e6100000, 0x00000000f5580000)
  object space 99328K, 43% used [0x00000000e0000000,0x00000000e2a1a890,0x00000000e6100000)
 Metaspace       used 64327K, capacity 64878K, committed 65024K, reserved 1101824K
  class space    used 12336K, capacity 12530K, committed 12544K, reserved 1048576K
}
Event: 67.848 GC heap before
{Heap before GC invocations=19 (full 4):
 PSYoungGen      total 130048K, used 74255K [0x00000000f5580000, 0x0000000100000000, 0x0000000100000000)
  eden space 111104K, 49% used [0x00000000f5580000,0x00000000f8b89660,0x00000000fc200000)
  from space 18944K, 99% used [0x00000000fdd00000,0x00000000fef7a840,0x00000000fef80000)
  to   space 27648K, 0% used [0x00000000fc200000,0x00000000fc200000,0x00000000fdd00000)
 ParOldGen       total 99328K, used 43114K [0x00000000e0000000, 0x00000000e6100000, 0x00000000f5580000)
  object space 99328K, 43% used [0x00000000e0000000,0x00000000e2a1a890,0x00000000e6100000)
 Metaspace       used 68672K, capacity 69202K, committed 69336K, reserved 1105920K
  class space    used 12826K, capacity 13010K, committed 13056K, reserved 1048576K
Event: 67.892 GC heap after
Heap after GC invocations=19 (full 4):
 PSYoungGen      total 138752K, used 27616K [0x00000000f5580000, 0x0000000100000000, 0x0000000100000000)
  eden space 111104K, 0% used [0x00000000f5580000,0x00000000f5580000,0x00000000fc200000)
  from space 27648K, 99% used [0x00000000fc200000,0x00000000fdcf83e8,0x00000000fdd00000)
  to   space 35840K, 0% used [0x00000000fdd00000,0x00000000fdd00000,0x0000000100000000)
 ParOldGen       total 99328K, used 58895K [0x00000000e0000000, 0x00000000e6100000, 0x00000000f5580000)
  object space 99328K, 59% used [0x00000000e0000000,0x00000000e3983fc8,0x00000000e6100000)
 Metaspace       used 68672K, capacity 69202K, committed 69336K, reserved 1105920K
  class space    used 12826K, capacity 13010K, committed 13056K, reserved 1048576K
}
Event: 67.892 GC heap before
{Heap before GC invocations=20 (full 5):
 PSYoungGen      total 138752K, used 27616K [0x00000000f5580000, 0x0000000100000000, 0x0000000100000000)
  eden space 111104K, 0% used [0x00000000f5580000,0x00000000f5580000,0x00000000fc200000)
  from space 27648K, 99% used [0x00000000fc200000,0x00000000fdcf83e8,0x00000000fdd00000)
  to   space 35840K, 0% used [0x00000000fdd00000,0x00000000fdd00000,0x0000000100000000)
 ParOldGen       total 99328K, used 58895K [0x00000000e0000000, 0x00000000e6100000, 0x00000000f5580000)
  object space 99328K, 59% used [0x00000000e0000000,0x00000000e3983fc8,0x00000000e6100000)
 Metaspace       used 68672K, capacity 69202K, committed 69336K, reserved 1105920K
  class space    used 12826K, capacity 13010K, committed 13056K, reserved 1048576K
Event: 68.167 GC heap after
Heap after GC invocations=20 (full 5):
 PSYoungGen      total 138752K, used 0K [0x00000000f5580000, 0x0000000100000000, 0x0000000100000000)
  eden space 111104K, 0% used [0x00000000f5580000,0x00000000f5580000,0x00000000fc200000)
  from space 27648K, 0% used [0x00000000fc200000,0x00000000fc200000,0x00000000fdd00000)
  to   space 35840K, 0% used [0x00000000fdd00000,0x00000000fdd00000,0x0000000100000000)
 ParOldGen       total 190976K, used 68223K [0x00000000e0000000, 0x00000000eba80000, 0x00000000f5580000)
  object space 190976K, 35% used [0x00000000e0000000,0x00000000e429fd30,0x00000000eba80000)
 Metaspace       used 68660K, capacity 69186K, committed 69336K, reserved 1105920K
  class space    used 12823K, capacity 13006K, committed 13056K, reserved 1048576K
}

